<?xml version="1.0" encoding="UTF-8"?>
<!-- Generated by org.testng.reporters.JUnitReportReporter -->
<testsuite hostname="FLoWeR" failures="0" tests="1" name="scriipts.VerifyInvalidLogin" time="38.009" errors="0" timestamp="2023-02-01T19:41:47 IST" skipped="0">
  <testcase classname="scriipts.VerifyInvalidLogin" name="verifyInvalidLogin" time="38.009"/>
  <system-out/>
</testsuite> <!-- scriipts.VerifyInvalidLogin -->
